<?xml version="1.0" encoding="UTF-8"?>
<!-- Generated by org.testng.reporters.JUnitXMLReporter -->
<testsuite hostname="DESKTOP-0C1HTAU" name="Test" tests="4" failures="0" timestamp="26 Jan 2022 07:50:52 GMT" time="37.16" errors="0">
  <testcase name="loginpage" time="10.808" classname="com.seleniumgitmavenjenkin.Loginpage"/>
  <testcase name="loginpage1" time="9.699" classname="com.seleniumgitmavenjenkin.Loginpage"/>
  <testcase name="userlogin" time="8.363" classname="com.seleniumgitmavenjenkin.Username"/>
  <testcase name="userlogin1" time="8.264" classname="com.seleniumgitmavenjenkin.Username"/>
</testsuite> <!-- Test -->
