<?xml version="1.0" encoding="UTF-8"?>
<!-- Generated by org.testng.reporters.JUnitXMLReporter -->
<testsuite hostname="DESKTOP-0C1HTAU" name="Test" tests="4" failures="0" timestamp="23 Jan 2022 15:16:09 GMT" time="40.406" errors="0">
  <testcase name="loginpage" time="11.698" classname="com.seleniumgitmavenjenkin.Loginpage"/>
  <testcase name="loginpage1" time="8.475" classname="com.seleniumgitmavenjenkin.Loginpage"/>
  <testcase name="userlogin" time="10.239" classname="com.seleniumgitmavenjenkin.Username"/>
  <testcase name="userlogin1" time="9.96" classname="com.seleniumgitmavenjenkin.Username"/>
</testsuite> <!-- Test -->
