<?xml version="1.0" encoding="UTF-8"?>
<testng-results skipped="0" failed="0" total="4" passed="4">
  <reporter-output>
  </reporter-output>
  <suite name="Suite" duration-ms="37160" started-at="2022-01-26T07:50:15Z" finished-at="2022-01-26T07:50:52Z">
    <groups>
    </groups>
    <test name="Test" duration-ms="37160" started-at="2022-01-26T07:50:15Z" finished-at="2022-01-26T07:50:52Z">
      <class name="com.seleniumgitmavenjenkin.Username">
        <test-method status="PASS" signature="userlogin()[pri:0, instance:com.seleniumgitmavenjenkin.Username@5276e6b0]" name="userlogin" duration-ms="8363" started-at="2022-01-26T13:20:35Z" finished-at="2022-01-26T13:20:44Z">
          <reporter-output>
          </reporter-output>
        </test-method> <!-- userlogin -->
        <test-method status="PASS" signature="userlogin1()[pri:0, instance:com.seleniumgitmavenjenkin.Username@5276e6b0]" name="userlogin1" duration-ms="8264" started-at="2022-01-26T13:20:44Z" finished-at="2022-01-26T13:20:52Z">
          <reporter-output>
          </reporter-output>
        </test-method> <!-- userlogin1 -->
      </class> <!-- com.seleniumgitmavenjenkin.Username -->
      <class name="com.seleniumgitmavenjenkin.Loginpage">
        <test-method status="PASS" signature="loginpage()[pri:0, instance:com.seleniumgitmavenjenkin.Loginpage@25d250c6]" name="loginpage" duration-ms="10808" started-at="2022-01-26T13:20:15Z" finished-at="2022-01-26T13:20:26Z">
          <reporter-output>
          </reporter-output>
        </test-method> <!-- loginpage -->
        <test-method status="PASS" signature="loginpage1()[pri:0, instance:com.seleniumgitmavenjenkin.Loginpage@25d250c6]" name="loginpage1" duration-ms="9699" started-at="2022-01-26T13:20:26Z" finished-at="2022-01-26T13:20:35Z">
          <reporter-output>
          </reporter-output>
        </test-method> <!-- loginpage1 -->
      </class> <!-- com.seleniumgitmavenjenkin.Loginpage -->
    </test> <!-- Test -->
  </suite> <!-- Suite -->
</testng-results>
